Using pre-set license
Built from '2022.3/staging' branch; Version is '2022.3.30f1 (70558241b701) revision 7361922'; Using compiler version '192829333'; Build Type 'Release'
OS: 'Windows 10  (10.0.19045) 64bit Core' Language: 'pt' Physical Memory: 32618 MB
BatchMode: 1, IsHumanControllingUs: 0, StartBugReporterOnCrash: 0, Is64bit: 1, IsPro: 1

COMMAND LINE ARGUMENTS:
C:\Program Files\Unity\Hub\Editor\2022.3.30f1\Editor\Unity.exe
-adb2
-batchMode
-noUpm
-name
AssetImportWorker0
-projectPath
C:/Users/Felipe/Robociclagem
-logFile
Logs/AssetImportWorker0.log
-srvPort
65175
Successfully changed project path to: C:/Users/Felipe/Robociclagem
C:/Users/Felipe/Robociclagem
[UnityMemory] Configuration Parameters - Can be set up in boot.config
    "memorysetup-bucket-allocator-granularity=16"
    "memorysetup-bucket-allocator-bucket-count=8"
    "memorysetup-bucket-allocator-block-size=33554432"
    "memorysetup-bucket-allocator-block-count=8"
    "memorysetup-main-allocator-block-size=16777216"
    "memorysetup-thread-allocator-block-size=16777216"
    "memorysetup-gfx-main-allocator-block-size=16777216"
    "memorysetup-gfx-thread-allocator-block-size=16777216"
    "memorysetup-cache-allocator-block-size=4194304"
    "memorysetup-typetree-allocator-block-size=2097152"
    "memorysetup-profiler-bucket-allocator-granularity=16"
    "memorysetup-profiler-bucket-allocator-bucket-count=8"
    "memorysetup-profiler-bucket-allocator-block-size=33554432"
    "memorysetup-profiler-bucket-allocator-block-count=8"
    "memorysetup-profiler-allocator-block-size=16777216"
    "memorysetup-profiler-editor-allocator-block-size=1048576"
    "memorysetup-temp-allocator-size-main=16777216"
    "memorysetup-job-temp-allocator-block-size=2097152"
    "memorysetup-job-temp-allocator-block-size-background=1048576"
    "memorysetup-job-temp-allocator-reduction-small-platforms=262144"
    "memorysetup-allocator-temp-initial-block-size-main=262144"
    "memorysetup-allocator-temp-initial-block-size-worker=262144"
    "memorysetup-temp-allocator-size-background-worker=32768"
    "memorysetup-temp-allocator-size-job-worker=262144"
    "memorysetup-temp-allocator-size-preload-manager=33554432"
    "memorysetup-temp-allocator-size-nav-mesh-worker=65536"
    "memorysetup-temp-allocator-size-audio-worker=65536"
    "memorysetup-temp-allocator-size-cloud-worker=32768"
    "memorysetup-temp-allocator-size-gi-baking-worker=262144"
    "memorysetup-temp-allocator-size-gfx=262144"
Player connection [34532] Host "[IP] 192.168.1.101 [Port] 0 [Flags] 2 [Guid] 3411104345 [EditorId] 3411104345 [Version] 1048832 [Id] WindowsEditor(7,DESKTOP-CT8OTNL) [Debug] 1 [PackageName] WindowsEditor [ProjectName] Editor" joined multi-casting on [225.0.0.222:54997]...

Player connection [34532] Host "[IP] 192.168.1.101 [Port] 0 [Flags] 2 [Guid] 3411104345 [EditorId] 3411104345 [Version] 1048832 [Id] WindowsEditor(7,DESKTOP-CT8OTNL) [Debug] 1 [PackageName] WindowsEditor [ProjectName] Editor" joined alternative multi-casting on [225.0.0.222:34997]...

[Physics::Module] Initialized MultithreadedJobDispatcher with 11 workers.
Refreshing native plugins compatible for Editor in 22.51 ms, found 7 plugins.
Preloading 0 native plugins for Editor in 0.00 ms.
Initialize engine version: 2022.3.30f1 (70558241b701)
[Subsystems] Discovering subsystems at path C:/Program Files/Unity/Hub/Editor/2022.3.30f1/Editor/Data/Resources/UnitySubsystems
[Subsystems] Discovering subsystems at path C:/Users/Felipe/Robociclagem/Assets
GfxDevice: creating device client; threaded=0; jobified=0
Direct3D:
    Version:  Direct3D 11.0 [level 11.1]
    Renderer: NVIDIA GeForce GTX 1050 Ti (ID=0x1c8c)
    Vendor:   NVIDIA
    VRAM:     4017 MB
    Driver:   31.0.15.2737
Initialize mono
Mono path[0] = 'C:/Program Files/Unity/Hub/Editor/2022.3.30f1/Editor/Data/Managed'
Mono path[1] = 'C:/Program Files/Unity/Hub/Editor/2022.3.30f1/Editor/Data/MonoBleedingEdge/lib/mono/unityjit-win32'
Mono config path = 'C:/Program Files/Unity/Hub/Editor/2022.3.30f1/Editor/Data/MonoBleedingEdge/etc'
Using monoOptions --debugger-agent=transport=dt_socket,embedding=1,server=y,suspend=n,address=127.0.0.1:56892
Begin MonoManager ReloadAssembly
Registering precompiled unity dll's ...
Register platform support module: C:/Program Files/Unity/Hub/Editor/2022.3.30f1/Editor/Data/PlaybackEngines/WindowsStandaloneSupport/UnityEditor.WindowsStandalone.Extensions.dll
Registered in 0.014890 seconds.
- Loaded All Assemblies, in  0.537 seconds
Native extension for WindowsStandalone target not found
Mono: successfully reloaded assembly
- Finished resetting the current domain, in  0.428 seconds
Domain Reload Profiling: 960ms
	BeginReloadAssembly (163ms)
		ExecutionOrderSort (0ms)
		DisableScriptedObjects (0ms)
		BackupInstance (0ms)
		ReleaseScriptingObjects (0ms)
		CreateAndSetChildDomain (1ms)
	RebuildCommonClasses (59ms)
	RebuildNativeTypeToScriptingClass (16ms)
	initialDomainReloadingComplete (86ms)
	LoadAllAssembliesAndSetupDomain (207ms)
		LoadAssemblies (160ms)
		RebuildTransferFunctionScriptingTraits (0ms)
		AnalyzeDomain (203ms)
			TypeCache.Refresh (201ms)
				TypeCache.ScanAssembly (182ms)
			ScanForSourceGeneratedMonoScriptInfo (1ms)
			ResolveRequiredComponents (1ms)
	FinalizeReload (429ms)
		ReleaseScriptCaches (0ms)
		RebuildScriptCaches (0ms)
		SetupLoadedEditorAssemblies (344ms)
			LogAssemblyErrors (0ms)
			InitializePlatformSupportModulesInManaged (16ms)
			SetLoadedEditorAssemblies (12ms)
			RefreshPlugins (0ms)
			BeforeProcessingInitializeOnLoad (4ms)
			ProcessInitializeOnLoadAttributes (228ms)
			ProcessInitializeOnLoadMethodAttributes (83ms)
			AfterProcessingInitializeOnLoad (0ms)
			EditorAssembliesLoaded (0ms)
		ExecutionOrderSort2 (0ms)
		AwakeInstancesAfterBackupRestoration (0ms)
========================================================================
Worker process is ready to serve import requests
Begin MonoManager ReloadAssembly
- Loaded All Assemblies, in  1.079 seconds
Refreshing native plugins compatible for Editor in 10.52 ms, found 7 plugins.
Native extension for WindowsStandalone target not found
Package Manager log level set to [2]
[Package Manager] Server::EnsureServerProcessIsRunning -- launch failed, reason: Unity was launched with the -noUpm command-line argument
[Package Manager] UpmClient::Send -- Unable to send message (not connected to UPM process).
[Package Manager] Cannot connect to Unity Package Manager local server
Mono: successfully reloaded assembly
- Finished resetting the current domain, in  1.071 seconds
Domain Reload Profiling: 2144ms
	BeginReloadAssembly (241ms)
		ExecutionOrderSort (0ms)
		DisableScriptedObjects (10ms)
		BackupInstance (0ms)
		ReleaseScriptingObjects (0ms)
		CreateAndSetChildDomain (36ms)
	RebuildCommonClasses (58ms)
	RebuildNativeTypeToScriptingClass (18ms)
	initialDomainReloadingComplete (64ms)
	LoadAllAssembliesAndSetupDomain (691ms)
		LoadAssemblies (541ms)
		RebuildTransferFunctionScriptingTraits (0ms)
		AnalyzeDomain (284ms)
			TypeCache.Refresh (238ms)
				TypeCache.ScanAssembly (216ms)
			ScanForSourceGeneratedMonoScriptInfo (35ms)
			ResolveRequiredComponents (9ms)
	FinalizeReload (1072ms)
		ReleaseScriptCaches (0ms)
		RebuildScriptCaches (0ms)
		SetupLoadedEditorAssemblies (821ms)
			LogAssemblyErrors (0ms)
			InitializePlatformSupportModulesInManaged (13ms)
			SetLoadedEditorAssemblies (9ms)
			RefreshPlugins (0ms)
			BeforeProcessingInitializeOnLoad (168ms)
			ProcessInitializeOnLoadAttributes (559ms)
			ProcessInitializeOnLoadMethodAttributes (51ms)
			AfterProcessingInitializeOnLoad (20ms)
			EditorAssembliesLoaded (0ms)
		ExecutionOrderSort2 (0ms)
		AwakeInstancesAfterBackupRestoration (11ms)
Launched and connected shader compiler UnityShaderCompiler.exe after 0.08 seconds
Refreshing native plugins compatible for Editor in 10.72 ms, found 7 plugins.
Preloading 0 native plugins for Editor in 0.00 ms.
Unloading 4223 Unused Serialized files (Serialized files now loaded: 0)
Unloading 71 unused Assets / (65.2 KB). Loaded Objects now: 4677.
Memory consumption went from 147.5 MB to 147.4 MB.
Total: 6.048700 ms (FindLiveObjects: 0.375800 ms CreateObjectMapping: 0.349100 ms MarkObjects: 5.173400 ms  DeleteObjects: 0.149200 ms)

AssetImportParameters requested are different than current active one (requested -> active):
  custom:container-demuxer-ogg: 62fdf1f143b41e24485cea50d1cbac27 -> 
  custom:video-decoder-ogg-theora: a1e56fd34408186e4bbccfd4996cb3dc -> 
  custom:framework-win-MediaFoundation: 216162199b28c13a410421893ffa2e32 -> 
  custom:CustomObjectIndexerAttribute: 9a22284fe3817be447336de3de66b15e -> 
  custom:container-demuxer-webm: 4f35f7cbe854078d1ac9338744f61a02 -> 
  custom:container-muxer-webm: aa71ff27fc2769a1b78a27578f13a17b -> 
  custom:video-decoder-webm-vp8: 9c59270c3fd7afecdb556c50c9e8de78 -> 
  custom:SearchIndexIgnoredProperties: e643bd26f0fe6173181afceb89e7c659 -> 
  custom:AudioImporter_EditorPlatform: d09bf68614088b80899f8185d706f6e7 -> 
  custom:video-encoder-webm-vp8: eb34c28f22e8b96e1ab97ce403110664 -> 
  custom:audio-decoder-ogg-vorbis: bf7c407c2cedff20999df2af8eb42d56 -> 
  custom:audio-encoder-webm-vorbis: bf7c407c2cedff20999df2af8eb42d56 -> 
========================================================================
Received Import Request.
  Time since last request: 278699.616303 seconds.
  path: Assets/Images/4.png
  artifactKey: Guid(3c15e239aeb7c9f429f9649e7e01707b) Importer(815301076,1909f56bfc062723c751e8b465ee728b)
Start importing Assets/Images/4.png using Guid(3c15e239aeb7c9f429f9649e7e01707b) Importer(815301076,1909f56bfc062723c751e8b465ee728b)  -> (artifact id: '804a801ceb7f0235fc2197f8f2f82678') in 0.152320 seconds
Number of updated asset objects reloaded before import = 0
Number of asset objects unloaded after import = 3
========================================================================
Received Import Request.
  Time since last request: 0.000032 seconds.
  path: Assets/Images/Papel2.png
  artifactKey: Guid(5f68d3e73dcd86d43a96190c5ab5d555) Importer(815301076,1909f56bfc062723c751e8b465ee728b)
Start importing Assets/Images/Papel2.png using Guid(5f68d3e73dcd86d43a96190c5ab5d555) Importer(815301076,1909f56bfc062723c751e8b465ee728b)  -> (artifact id: 'fc108c654261c070449a42a3ab9a179b') in 0.015338 seconds
Number of updated asset objects reloaded before import = 0
Number of asset objects unloaded after import = 3
========================================================================
Received Import Request.
  Time since last request: 0.000020 seconds.
  path: Assets/Images/3.png
  artifactKey: Guid(89d08ddb6b95cb8428e4ae4665658333) Importer(815301076,1909f56bfc062723c751e8b465ee728b)
Start importing Assets/Images/3.png using Guid(89d08ddb6b95cb8428e4ae4665658333) Importer(815301076,1909f56bfc062723c751e8b465ee728b)  -> (artifact id: '7a726a373cd626a65580021afdeb8454') in 0.012314 seconds
Number of updated asset objects reloaded before import = 0
Number of asset objects unloaded after import = 3
========================================================================
Received Import Request.
  Time since last request: 0.000025 seconds.
  path: Assets/Images/home.jpg
  artifactKey: Guid(7d7554713df2d1041aef373944b6dbbb) Importer(815301076,1909f56bfc062723c751e8b465ee728b)
Start importing Assets/Images/home.jpg using Guid(7d7554713df2d1041aef373944b6dbbb) Importer(815301076,1909f56bfc062723c751e8b465ee728b)  -> (artifact id: 'ae306c7ae331297300a858d54dc37a3c') in 0.015437 seconds
Number of updated asset objects reloaded before import = 0
Number of asset objects unloaded after import = 3
========================================================================
Received Import Request.
  Time since last request: 0.000039 seconds.
  path: Assets/Images/1.png
  artifactKey: Guid(aff2cff700941d94e9dd005a2bc022d2) Importer(815301076,1909f56bfc062723c751e8b465ee728b)
Start importing Assets/Images/1.png using Guid(aff2cff700941d94e9dd005a2bc022d2) Importer(815301076,1909f56bfc062723c751e8b465ee728b)  -> (artifact id: '20b43f1d07ffd6d837b7d4477b95047a') in 0.009885 seconds
Number of updated asset objects reloaded before import = 0
Number of asset objects unloaded after import = 3
========================================================================
Received Import Request.
  Time since last request: 0.000023 seconds.
  path: Assets/Images/CENARIO2.png
  artifactKey: Guid(de3276cdf83dfa7488a85fb9c272956c) Importer(815301076,1909f56bfc062723c751e8b465ee728b)
Start importing Assets/Images/CENARIO2.png using Guid(de3276cdf83dfa7488a85fb9c272956c) Importer(815301076,1909f56bfc062723c751e8b465ee728b)  -> (artifact id: '2380f6e50e00516b9cf60014302e6db4') in 0.014461 seconds
Number of updated asset objects reloaded before import = 0
Number of asset objects unloaded after import = 3
========================================================================
Received Import Request.
  Time since last request: 0.000020 seconds.
  path: Assets/Images/Papel.png
  artifactKey: Guid(e1ec3a2a1b6e05242a852fe2b429826b) Importer(815301076,1909f56bfc062723c751e8b465ee728b)
Start importing Assets/Images/Papel.png using Guid(e1ec3a2a1b6e05242a852fe2b429826b) Importer(815301076,1909f56bfc062723c751e8b465ee728b)  -> (artifact id: '986dd129079b34643493f7ba36f77eaf') in 0.015544 seconds
Number of updated asset objects reloaded before import = 0
Number of asset objects unloaded after import = 3
========================================================================
Received Import Request.
  Time since last request: 0.000019 seconds.
  path: Assets/Images/istockphoto-1076977508-612x612.png
  artifactKey: Guid(03f26344dc0316e4f8f68caeda6ba15a) Importer(815301076,1909f56bfc062723c751e8b465ee728b)
Start importing Assets/Images/istockphoto-1076977508-612x612.png using Guid(03f26344dc0316e4f8f68caeda6ba15a) Importer(815301076,1909f56bfc062723c751e8b465ee728b)  -> (artifact id: 'b6806f5df295accc050d5781205f5fc3') in 0.016162 seconds
Number of updated asset objects reloaded before import = 0
Number of asset objects unloaded after import = 3
========================================================================
Received Import Request.
  Time since last request: 0.000025 seconds.
  path: Assets/Images/background2.png
  artifactKey: Guid(e9c0324d1a7a12e439c2b223caf4d104) Importer(815301076,1909f56bfc062723c751e8b465ee728b)
Start importing Assets/Images/background2.png using Guid(e9c0324d1a7a12e439c2b223caf4d104) Importer(815301076,1909f56bfc062723c751e8b465ee728b)  -> (artifact id: 'ad6f5d7b39f7a791dca650d45268be4e') in 0.011976 seconds
Number of updated asset objects reloaded before import = 0
Number of asset objects unloaded after import = 3
========================================================================
Received Import Request.
  Time since last request: 0.000016 seconds.
  path: Assets/Images/CENARIO3.png
  artifactKey: Guid(eaa4cef7f692d2e4f91dbfb976a0b1df) Importer(815301076,1909f56bfc062723c751e8b465ee728b)
Start importing Assets/Images/CENARIO3.png using Guid(eaa4cef7f692d2e4f91dbfb976a0b1df) Importer(815301076,1909f56bfc062723c751e8b465ee728b)  -> (artifact id: '7076d9459e9273c57918178a311019fd') in 0.012317 seconds
Number of updated asset objects reloaded before import = 0
Number of asset objects unloaded after import = 3
========================================================================
Received Import Request.
  Time since last request: 0.000016 seconds.
  path: Assets/Images/planta3.png
  artifactKey: Guid(269bd59cef6bab941883d16bbe2886df) Importer(815301076,1909f56bfc062723c751e8b465ee728b)
Start importing Assets/Images/planta3.png using Guid(269bd59cef6bab941883d16bbe2886df) Importer(815301076,1909f56bfc062723c751e8b465ee728b)  -> (artifact id: '605adca2f9fa99ace0e96cffd951b925') in 0.014374 seconds
Number of updated asset objects reloaded before import = 0
Number of asset objects unloaded after import = 3
========================================================================
Received Import Request.
  Time since last request: 4.900923 seconds.
  path: Assets/Scenes/planta1.png
  artifactKey: Guid(1dc90326ff7b3b44e899b20ecb3cc334) Importer(815301076,1909f56bfc062723c751e8b465ee728b)
Start importing Assets/Scenes/planta1.png using Guid(1dc90326ff7b3b44e899b20ecb3cc334) Importer(815301076,1909f56bfc062723c751e8b465ee728b)  -> (artifact id: '51043231be9e0c7baf1792308777f79b') in 0.023356 seconds
Number of updated asset objects reloaded before import = 0
Number of asset objects unloaded after import = 3
========================================================================
Received Import Request.
  Time since last request: 0.000018 seconds.
  path: Assets/Scenes/planta3.png
  artifactKey: Guid(976f9410cce8c95448b0027bf9241007) Importer(815301076,1909f56bfc062723c751e8b465ee728b)
Start importing Assets/Scenes/planta3.png using Guid(976f9410cce8c95448b0027bf9241007) Importer(815301076,1909f56bfc062723c751e8b465ee728b)  -> (artifact id: '9ef106d6376366d383738992d01d263b') in 0.010555 seconds
Number of updated asset objects reloaded before import = 0
Number of asset objects unloaded after import = 3
========================================================================
Received Import Request.
  Time since last request: 0.000018 seconds.
  path: Assets/Scenes/planta4.png
  artifactKey: Guid(0cf7b2887344bcf4781e562c56480086) Importer(815301076,1909f56bfc062723c751e8b465ee728b)
Start importing Assets/Scenes/planta4.png using Guid(0cf7b2887344bcf4781e562c56480086) Importer(815301076,1909f56bfc062723c751e8b465ee728b)  -> (artifact id: '6d2686dbd8a3dcff04747fda814b921b') in 0.010563 seconds
Number of updated asset objects reloaded before import = 0
Number of asset objects unloaded after import = 3
========================================================================
Received Prepare
Refreshing native plugins compatible for Editor in 9.14 ms, found 7 plugins.
Preloading 0 native plugins for Editor in 0.00 ms.
Unloading 0 Unused Serialized files (Serialized files now loaded: 0)
Unloading 1 unused Assets / (0.9 KB). Loaded Objects now: 4700.
Memory consumption went from 82.3 MB to 82.3 MB.
Total: 4.003800 ms (FindLiveObjects: 0.341500 ms CreateObjectMapping: 0.285300 ms MarkObjects: 3.354900 ms  DeleteObjects: 0.021200 ms)

Prepare: number of updated asset objects reloaded= 0
AssetImportParameters requested are different than current active one (requested -> active):
  custom:container-demuxer-ogg: 62fdf1f143b41e24485cea50d1cbac27 -> 
  custom:video-decoder-ogg-theora: a1e56fd34408186e4bbccfd4996cb3dc -> 
  custom:framework-win-MediaFoundation: 216162199b28c13a410421893ffa2e32 -> 
  custom:CustomObjectIndexerAttribute: 9a22284fe3817be447336de3de66b15e -> 
  custom:container-demuxer-webm: 4f35f7cbe854078d1ac9338744f61a02 -> 
  custom:container-muxer-webm: aa71ff27fc2769a1b78a27578f13a17b -> 
  custom:video-decoder-webm-vp8: 9c59270c3fd7afecdb556c50c9e8de78 -> 
  custom:SearchIndexIgnoredProperties: e643bd26f0fe6173181afceb89e7c659 -> 
  custom:AudioImporter_EditorPlatform: d09bf68614088b80899f8185d706f6e7 -> 
  custom:video-encoder-webm-vp8: eb34c28f22e8b96e1ab97ce403110664 -> 
  custom:audio-decoder-ogg-vorbis: bf7c407c2cedff20999df2af8eb42d56 -> 
  custom:audio-encoder-webm-vorbis: bf7c407c2cedff20999df2af8eb42d56 -> 
TcpMessagingSession - receive error
AssetImportWorkerClient::OnTransportError - code=10054 error=Foi forçado o cancelamento de uma conexão existente pelo host remoto.
