Using pre-set license
Built from '2022.3/staging' branch; Version is '2022.3.30f1 (70558241b701) revision 7361922'; Using compiler version '192829333'; Build Type 'Release'
OS: 'Windows 10  (10.0.19045) 64bit Core' Language: 'pt' Physical Memory: 32618 MB
BatchMode: 1, IsHumanControllingUs: 0, StartBugReporterOnCrash: 0, Is64bit: 1, IsPro: 1

COMMAND LINE ARGUMENTS:
C:\Program Files\Unity\Hub\Editor\2022.3.30f1\Editor\Unity.exe
-adb2
-batchMode
-noUpm
-name
AssetImportWorker1
-projectPath
C:/Users/Felipe/Robociclagem
-logFile
Logs/AssetImportWorker1.log
-srvPort
65175
Successfully changed project path to: C:/Users/Felipe/Robociclagem
C:/Users/Felipe/Robociclagem
[UnityMemory] Configuration Parameters - Can be set up in boot.config
    "memorysetup-bucket-allocator-granularity=16"
    "memorysetup-bucket-allocator-bucket-count=8"
    "memorysetup-bucket-allocator-block-size=33554432"
    "memorysetup-bucket-allocator-block-count=8"
    "memorysetup-main-allocator-block-size=16777216"
    "memorysetup-thread-allocator-block-size=16777216"
    "memorysetup-gfx-main-allocator-block-size=16777216"
    "memorysetup-gfx-thread-allocator-block-size=16777216"
    "memorysetup-cache-allocator-block-size=4194304"
    "memorysetup-typetree-allocator-block-size=2097152"
    "memorysetup-profiler-bucket-allocator-granularity=16"
    "memorysetup-profiler-bucket-allocator-bucket-count=8"
    "memorysetup-profiler-bucket-allocator-block-size=33554432"
    "memorysetup-profiler-bucket-allocator-block-count=8"
    "memorysetup-profiler-allocator-block-size=16777216"
    "memorysetup-profiler-editor-allocator-block-size=1048576"
    "memorysetup-temp-allocator-size-main=16777216"
    "memorysetup-job-temp-allocator-block-size=2097152"
    "memorysetup-job-temp-allocator-block-size-background=1048576"
    "memorysetup-job-temp-allocator-reduction-small-platforms=262144"
    "memorysetup-allocator-temp-initial-block-size-main=262144"
    "memorysetup-allocator-temp-initial-block-size-worker=262144"
    "memorysetup-temp-allocator-size-background-worker=32768"
    "memorysetup-temp-allocator-size-job-worker=262144"
    "memorysetup-temp-allocator-size-preload-manager=33554432"
    "memorysetup-temp-allocator-size-nav-mesh-worker=65536"
    "memorysetup-temp-allocator-size-audio-worker=65536"
    "memorysetup-temp-allocator-size-cloud-worker=32768"
    "memorysetup-temp-allocator-size-gi-baking-worker=262144"
    "memorysetup-temp-allocator-size-gfx=262144"
Player connection [100988] Host "[IP] 192.168.1.101 [Port] 0 [Flags] 2 [Guid] 290644581 [EditorId] 290644581 [Version] 1048832 [Id] WindowsEditor(7,DESKTOP-CT8OTNL) [Debug] 1 [PackageName] WindowsEditor [ProjectName] Editor" joined multi-casting on [225.0.0.222:54997]...

Player connection [100988] Host "[IP] 192.168.1.101 [Port] 0 [Flags] 2 [Guid] 290644581 [EditorId] 290644581 [Version] 1048832 [Id] WindowsEditor(7,DESKTOP-CT8OTNL) [Debug] 1 [PackageName] WindowsEditor [ProjectName] Editor" joined alternative multi-casting on [225.0.0.222:34997]...

[Physics::Module] Initialized MultithreadedJobDispatcher with 11 workers.
Refreshing native plugins compatible for Editor in 24.46 ms, found 7 plugins.
Preloading 0 native plugins for Editor in 0.00 ms.
Initialize engine version: 2022.3.30f1 (70558241b701)
[Subsystems] Discovering subsystems at path C:/Program Files/Unity/Hub/Editor/2022.3.30f1/Editor/Data/Resources/UnitySubsystems
[Subsystems] Discovering subsystems at path C:/Users/Felipe/Robociclagem/Assets
GfxDevice: creating device client; threaded=0; jobified=0
Direct3D:
    Version:  Direct3D 11.0 [level 11.1]
    Renderer: NVIDIA GeForce GTX 1050 Ti (ID=0x1c8c)
    Vendor:   NVIDIA
    VRAM:     4017 MB
    Driver:   31.0.15.2737
Initialize mono
Mono path[0] = 'C:/Program Files/Unity/Hub/Editor/2022.3.30f1/Editor/Data/Managed'
Mono path[1] = 'C:/Program Files/Unity/Hub/Editor/2022.3.30f1/Editor/Data/MonoBleedingEdge/lib/mono/unityjit-win32'
Mono config path = 'C:/Program Files/Unity/Hub/Editor/2022.3.30f1/Editor/Data/MonoBleedingEdge/etc'
Using monoOptions --debugger-agent=transport=dt_socket,embedding=1,server=y,suspend=n,address=127.0.0.1:56672
Begin MonoManager ReloadAssembly
Registering precompiled unity dll's ...
Register platform support module: C:/Program Files/Unity/Hub/Editor/2022.3.30f1/Editor/Data/PlaybackEngines/WindowsStandaloneSupport/UnityEditor.WindowsStandalone.Extensions.dll
Registered in 0.014749 seconds.
- Loaded All Assemblies, in  0.537 seconds
Native extension for WindowsStandalone target not found
Mono: successfully reloaded assembly
- Finished resetting the current domain, in  0.420 seconds
Domain Reload Profiling: 952ms
	BeginReloadAssembly (163ms)
		ExecutionOrderSort (0ms)
		DisableScriptedObjects (0ms)
		BackupInstance (0ms)
		ReleaseScriptingObjects (0ms)
		CreateAndSetChildDomain (1ms)
	RebuildCommonClasses (54ms)
	RebuildNativeTypeToScriptingClass (15ms)
	initialDomainReloadingComplete (92ms)
	LoadAllAssembliesAndSetupDomain (207ms)
		LoadAssemblies (160ms)
		RebuildTransferFunctionScriptingTraits (0ms)
		AnalyzeDomain (204ms)
			TypeCache.Refresh (202ms)
				TypeCache.ScanAssembly (184ms)
			ScanForSourceGeneratedMonoScriptInfo (0ms)
			ResolveRequiredComponents (1ms)
	FinalizeReload (421ms)
		ReleaseScriptCaches (0ms)
		RebuildScriptCaches (0ms)
		SetupLoadedEditorAssemblies (330ms)
			LogAssemblyErrors (0ms)
			InitializePlatformSupportModulesInManaged (16ms)
			SetLoadedEditorAssemblies (11ms)
			RefreshPlugins (0ms)
			BeforeProcessingInitializeOnLoad (3ms)
			ProcessInitializeOnLoadAttributes (221ms)
			ProcessInitializeOnLoadMethodAttributes (79ms)
			AfterProcessingInitializeOnLoad (0ms)
			EditorAssembliesLoaded (0ms)
		ExecutionOrderSort2 (0ms)
		AwakeInstancesAfterBackupRestoration (0ms)
========================================================================
Worker process is ready to serve import requests
Begin MonoManager ReloadAssembly
- Loaded All Assemblies, in  1.104 seconds
Refreshing native plugins compatible for Editor in 10.88 ms, found 7 plugins.
Native extension for WindowsStandalone target not found
Package Manager log level set to [2]
[Package Manager] Server::EnsureServerProcessIsRunning -- launch failed, reason: Unity was launched with the -noUpm command-line argument
[Package Manager] UpmClient::Send -- Unable to send message (not connected to UPM process).
[Package Manager] Cannot connect to Unity Package Manager local server
Mono: successfully reloaded assembly
- Finished resetting the current domain, in  1.102 seconds
Domain Reload Profiling: 2200ms
	BeginReloadAssembly (246ms)
		ExecutionOrderSort (0ms)
		DisableScriptedObjects (8ms)
		BackupInstance (0ms)
		ReleaseScriptingObjects (0ms)
		CreateAndSetChildDomain (29ms)
	RebuildCommonClasses (60ms)
	RebuildNativeTypeToScriptingClass (22ms)
	initialDomainReloadingComplete (73ms)
	LoadAllAssembliesAndSetupDomain (696ms)
		LoadAssemblies (538ms)
		RebuildTransferFunctionScriptingTraits (0ms)
		AnalyzeDomain (291ms)
			TypeCache.Refresh (241ms)
				TypeCache.ScanAssembly (220ms)
			ScanForSourceGeneratedMonoScriptInfo (39ms)
			ResolveRequiredComponents (10ms)
	FinalizeReload (1102ms)
		ReleaseScriptCaches (0ms)
		RebuildScriptCaches (0ms)
		SetupLoadedEditorAssemblies (826ms)
			LogAssemblyErrors (0ms)
			InitializePlatformSupportModulesInManaged (12ms)
			SetLoadedEditorAssemblies (7ms)
			RefreshPlugins (0ms)
			BeforeProcessingInitializeOnLoad (187ms)
			ProcessInitializeOnLoadAttributes (548ms)
			ProcessInitializeOnLoadMethodAttributes (57ms)
			AfterProcessingInitializeOnLoad (15ms)
			EditorAssembliesLoaded (0ms)
		ExecutionOrderSort2 (0ms)
		AwakeInstancesAfterBackupRestoration (10ms)
Launched and connected shader compiler UnityShaderCompiler.exe after 0.08 seconds
Refreshing native plugins compatible for Editor in 13.73 ms, found 7 plugins.
Preloading 0 native plugins for Editor in 0.00 ms.
Unloading 4223 Unused Serialized files (Serialized files now loaded: 0)
Unloading 71 unused Assets / (64.8 KB). Loaded Objects now: 4677.
Memory consumption went from 147.4 MB to 147.3 MB.
Total: 5.209500 ms (FindLiveObjects: 0.400200 ms CreateObjectMapping: 0.371900 ms MarkObjects: 4.288900 ms  DeleteObjects: 0.147200 ms)

AssetImportParameters requested are different than current active one (requested -> active):
  custom:container-demuxer-ogg: 62fdf1f143b41e24485cea50d1cbac27 -> 
  custom:video-decoder-ogg-theora: a1e56fd34408186e4bbccfd4996cb3dc -> 
  custom:framework-win-MediaFoundation: 216162199b28c13a410421893ffa2e32 -> 
  custom:CustomObjectIndexerAttribute: 9a22284fe3817be447336de3de66b15e -> 
  custom:container-demuxer-webm: 4f35f7cbe854078d1ac9338744f61a02 -> 
  custom:container-muxer-webm: aa71ff27fc2769a1b78a27578f13a17b -> 
  custom:video-decoder-webm-vp8: 9c59270c3fd7afecdb556c50c9e8de78 -> 
  custom:SearchIndexIgnoredProperties: e643bd26f0fe6173181afceb89e7c659 -> 
  custom:AudioImporter_EditorPlatform: d09bf68614088b80899f8185d706f6e7 -> 
  custom:video-encoder-webm-vp8: eb34c28f22e8b96e1ab97ce403110664 -> 
  custom:audio-decoder-ogg-vorbis: bf7c407c2cedff20999df2af8eb42d56 -> 
  custom:audio-encoder-webm-vorbis: bf7c407c2cedff20999df2af8eb42d56 -> 
========================================================================
Received Import Request.
  Time since last request: 278699.645960 seconds.
  path: Assets/Images/2.png
  artifactKey: Guid(55e011bff3cd6004db25fafa1c1caf49) Importer(815301076,1909f56bfc062723c751e8b465ee728b)
Start importing Assets/Images/2.png using Guid(55e011bff3cd6004db25fafa1c1caf49) Importer(815301076,1909f56bfc062723c751e8b465ee728b)  -> (artifact id: 'b8db7be36bd5e983a66dbfde37156d84') in 0.127712 seconds
Number of updated asset objects reloaded before import = 0
Number of asset objects unloaded after import = 3
========================================================================
Received Import Request.
  Time since last request: 0.000041 seconds.
  path: Assets/Images/planta1.png
  artifactKey: Guid(603389b55e5fbf740b41f2e3915be233) Importer(815301076,1909f56bfc062723c751e8b465ee728b)
Start importing Assets/Images/planta1.png using Guid(603389b55e5fbf740b41f2e3915be233) Importer(815301076,1909f56bfc062723c751e8b465ee728b)  -> (artifact id: '2cbeeb2cac0c0ebaca9f352b9db88dcc') in 0.012673 seconds
Number of updated asset objects reloaded before import = 0
Number of asset objects unloaded after import = 3
========================================================================
Received Import Request.
  Time since last request: 0.000016 seconds.
  path: Assets/Images/CENARIO1.png
  artifactKey: Guid(43e2fc0175e181d44910bc80e5d0dfab) Importer(815301076,1909f56bfc062723c751e8b465ee728b)
Start importing Assets/Images/CENARIO1.png using Guid(43e2fc0175e181d44910bc80e5d0dfab) Importer(815301076,1909f56bfc062723c751e8b465ee728b)  -> (artifact id: '4dfbf2cb0dd5361102d1e1ec7c209d91') in 0.019520 seconds
Number of updated asset objects reloaded before import = 0
Number of asset objects unloaded after import = 3
========================================================================
Received Import Request.
  Time since last request: 0.000031 seconds.
  path: Assets/Images/planta4.png
  artifactKey: Guid(a5f4fc8157482d645b8409e7d5e1c7e4) Importer(815301076,1909f56bfc062723c751e8b465ee728b)
Start importing Assets/Images/planta4.png using Guid(a5f4fc8157482d645b8409e7d5e1c7e4) Importer(815301076,1909f56bfc062723c751e8b465ee728b)  -> (artifact id: '478425da60d0c9889c4c4dbdc5d65d22') in 0.013428 seconds
Number of updated asset objects reloaded before import = 0
Number of asset objects unloaded after import = 3
========================================================================
Received Import Request.
  Time since last request: 0.000021 seconds.
  path: Assets/Images/BACKGROUND ROBO.png
  artifactKey: Guid(60946904998836d478715a4a8b7a9600) Importer(815301076,1909f56bfc062723c751e8b465ee728b)
Start importing Assets/Images/BACKGROUND ROBO.png using Guid(60946904998836d478715a4a8b7a9600) Importer(815301076,1909f56bfc062723c751e8b465ee728b)  -> (artifact id: '771ea390e0e6b8d33b352e13f36b38b5') in 0.011159 seconds
Number of updated asset objects reloaded before import = 0
Number of asset objects unloaded after import = 3
========================================================================
Received Import Request.
  Time since last request: 0.000018 seconds.
  path: Assets/Images/background.png
  artifactKey: Guid(c2c5af62c1ea35f42b97ec8821862bf4) Importer(815301076,1909f56bfc062723c751e8b465ee728b)
Start importing Assets/Images/background.png using Guid(c2c5af62c1ea35f42b97ec8821862bf4) Importer(815301076,1909f56bfc062723c751e8b465ee728b)  -> (artifact id: '3f29ca6a69d89235dcd2ca0c14063324') in 0.011235 seconds
Number of updated asset objects reloaded before import = 0
Number of asset objects unloaded after import = 3
========================================================================
Received Import Request.
  Time since last request: 0.000017 seconds.
  path: Assets/Images/ENGRENAGEM.png
  artifactKey: Guid(49086c293b5b0a843a113a812dbc977f) Importer(815301076,1909f56bfc062723c751e8b465ee728b)
Start importing Assets/Images/ENGRENAGEM.png using Guid(49086c293b5b0a843a113a812dbc977f) Importer(815301076,1909f56bfc062723c751e8b465ee728b)  -> (artifact id: '9dfde3991111b612421c4fba3dbec4a2') in 0.014435 seconds
Number of updated asset objects reloaded before import = 0
Number of asset objects unloaded after import = 3
========================================================================
Received Import Request.
  Time since last request: 0.000017 seconds.
  path: Assets/Images/Lata2.png
  artifactKey: Guid(490a3643931b65348949586f315f8ee7) Importer(815301076,1909f56bfc062723c751e8b465ee728b)
Start importing Assets/Images/Lata2.png using Guid(490a3643931b65348949586f315f8ee7) Importer(815301076,1909f56bfc062723c751e8b465ee728b)  -> (artifact id: 'a4855c55b17a00ff6f1b7b7b7a3f74e3') in 0.019181 seconds
Number of updated asset objects reloaded before import = 0
Number of asset objects unloaded after import = 3
========================================================================
Received Import Request.
  Time since last request: 0.000018 seconds.
  path: Assets/Images/cut2.png
  artifactKey: Guid(c36eebaf7cd23134da260a68ccac1064) Importer(815301076,1909f56bfc062723c751e8b465ee728b)
Start importing Assets/Images/cut2.png using Guid(c36eebaf7cd23134da260a68ccac1064) Importer(815301076,1909f56bfc062723c751e8b465ee728b)  -> (artifact id: 'bab49d4c214a046c24b9feb11e871155') in 0.012343 seconds
Number of updated asset objects reloaded before import = 0
Number of asset objects unloaded after import = 3
========================================================================
Received Import Request.
  Time since last request: 0.000017 seconds.
  path: Assets/Images/Garrafa.png
  artifactKey: Guid(978554e63829e7849abf65651839d7a1) Importer(815301076,1909f56bfc062723c751e8b465ee728b)
Start importing Assets/Images/Garrafa.png using Guid(978554e63829e7849abf65651839d7a1) Importer(815301076,1909f56bfc062723c751e8b465ee728b)  -> (artifact id: '1b7691be30b2496992f0497b99225519') in 0.013816 seconds
Number of updated asset objects reloaded before import = 0
Number of asset objects unloaded after import = 3
========================================================================
Received Import Request.
  Time since last request: 4.908036 seconds.
  path: Assets/Scenes/planta2.png
  artifactKey: Guid(7756e6989b09baa45a99b32bac4be6d4) Importer(815301076,1909f56bfc062723c751e8b465ee728b)
Start importing Assets/Scenes/planta2.png using Guid(7756e6989b09baa45a99b32bac4be6d4) Importer(815301076,1909f56bfc062723c751e8b465ee728b)  -> (artifact id: '63d5ff8041415cab5d96d06fd44e989d') in 0.022600 seconds
Number of updated asset objects reloaded before import = 0
Number of asset objects unloaded after import = 3
========================================================================
Received Import Request.
  Time since last request: 0.000015 seconds.
  path: Assets/Scenes/planta6.png
  artifactKey: Guid(66deea0d4b6567b4ebd34ebd2c72ca26) Importer(815301076,1909f56bfc062723c751e8b465ee728b)
Start importing Assets/Scenes/planta6.png using Guid(66deea0d4b6567b4ebd34ebd2c72ca26) Importer(815301076,1909f56bfc062723c751e8b465ee728b)  -> (artifact id: '9f3f2fd58fe3d5a3d2961a340119892b') in 0.016776 seconds
Number of updated asset objects reloaded before import = 0
Number of asset objects unloaded after import = 3
Editor requested this worker to shutdown with reason: Scaling down because of idle timeout
TcpMessagingSession - receive error: operation aborted. errorcode: 995, details: A operação de E/S foi anulada devido a uma saída de thread ou a uma requisição de aplicativo.
AssetImportWorker is now disconnected from the server
Process exiting
Exiting without the bug reporter. Application will terminate with return code 0